07:24:14: Creating resource group General
07:24:14: Creating resource group Internal
07:24:14: Creating resource group Autodetect
07:24:14: SceneManagerFactory for type 'DefaultSceneManager' registered.
07:24:14: Registering ResourceManager for type Material
07:24:14: Registering ResourceManager for type Mesh
07:24:14: Registering ResourceManager for type Skeleton
07:24:14: MovableObjectFactory for type 'ParticleSystem' registered.
07:24:14: ArchiveFactory for archive type FileSystem registered.
07:24:14: ArchiveFactory for archive type Zip registered.
07:24:14: ArchiveFactory for archive type EmbeddedZip registered.
07:24:14: DDS codec registering
07:24:14: FreeImage version: 3.15.4
07:24:14: This program uses FreeImage, a free, open source image library supporting all common bitmap formats. See http://freeimage.sourceforge.net for details
07:24:14: Supported formats: bmp,ico,jpg,jif,jpeg,jpe,jng,koa,iff,lbm,mng,pbm,pbm,pcd,pcx,pgm,pgm,png,ppm,ppm,ras,tga,targa,tif,tiff,wap,wbmp,wbm,psd,cut,xbm,xpm,gif,hdr,g3,sgi,exr,j2k,j2c,jp2,pfm,pct,pict,pic,3fr,arw,bay,bmq,cap,cine,cr2,crw,cs1,dc2,dcr,drf,dsc,dng,erf,fff,ia,iiq,k25,kc2,kdc,mdc,mef,mos,mrw,nef,nrw,orf,pef,ptx,pxn,qtk,raf,raw,rdc,rw2,rwl,rwz,sr2,srf,srw,sti
07:24:14: Registering ResourceManager for type HighLevelGpuProgram
07:24:14: Registering ResourceManager for type Compositor
07:24:14: MovableObjectFactory for type 'Entity' registered.
07:24:14: MovableObjectFactory for type 'Light' registered.
07:24:14: MovableObjectFactory for type 'BillboardSet' registered.
07:24:14: MovableObjectFactory for type 'ManualObject' registered.
07:24:14: MovableObjectFactory for type 'BillboardChain' registered.
07:24:14: MovableObjectFactory for type 'RibbonTrail' registered.
07:24:14: Loading library /usr/local/lib/OGRE/RenderSystem_GL
07:24:14: Installing plugin: GL RenderSystem
07:24:14: OpenGL Rendering Subsystem created.
07:24:14: Plugin successfully installed
07:24:14: Loading library /usr/local/lib/OGRE/Plugin_ParticleFX
07:24:14: Installing plugin: ParticleFX
07:24:14: Particle Emitter Type 'Point' registered
07:24:14: Particle Emitter Type 'Box' registered
07:24:14: Particle Emitter Type 'Ellipsoid' registered
07:24:14: Particle Emitter Type 'Cylinder' registered
07:24:14: Particle Emitter Type 'Ring' registered
07:24:14: Particle Emitter Type 'HollowEllipsoid' registered
07:24:14: Particle Affector Type 'LinearForce' registered
07:24:14: Particle Affector Type 'ColourFader' registered
07:24:14: Particle Affector Type 'ColourFader2' registered
07:24:14: Particle Affector Type 'ColourImage' registered
07:24:14: Particle Affector Type 'ColourInterpolator' registered
07:24:14: Particle Affector Type 'Scaler' registered
07:24:14: Particle Affector Type 'Rotator' registered
07:24:14: Particle Affector Type 'DirectionRandomiser' registered
07:24:14: Particle Affector Type 'DeflectorPlane' registered
07:24:14: Plugin successfully installed
07:24:14: Loading library /usr/local/lib/OGRE/Plugin_BSPSceneManager
07:24:14: Installing plugin: BSP Scene Manager
07:24:14: Plugin successfully installed
07:24:14: Loading library /usr/local/lib/OGRE/Plugin_PCZSceneManager
07:24:14: Installing plugin: Portal Connected Zone Scene Manager
07:24:14: PCZone Factory Type 'ZoneType_Default' registered
07:24:14: Plugin successfully installed
07:24:14: Loading library /usr/local/lib/OGRE/Plugin_OctreeZone
07:24:14: Installing plugin: Octree Zone Factory
07:24:14: Plugin successfully installed
07:24:14: Loading library /usr/local/lib/OGRE/Plugin_OctreeSceneManager
07:24:14: Installing plugin: Octree Scene Manager
07:24:14: Plugin successfully installed
07:24:14: *-*-* OGRE Initialising
07:24:14: *-*-* Version 1.10.0unstable (Xalafu)
07:24:14: Creating resource group Essential
07:24:14: Added resource location '/lusr/opt/ogre-1.9/share/OGRE/Media/thumbnails' of type 'FileSystem' to resource group 'Essential'
07:24:14: Added resource location '/usr/local/share/OGRE/Media/packs/SdkTrays.zip' of type 'Zip' to resource group 'Essential'
07:24:14: Added resource location '/usr/local/share/OGRE/Media/packs/profiler.zip' of type 'Zip' to resource group 'Essential'
07:24:14: Added resource location '/usr/local/share/OGRE/Media' of type 'FileSystem' to resource group 'General'
07:24:14: Creating resource group Popular
07:24:14: Added resource location '/usr/local/share/OGRE/Media/fonts' of type 'FileSystem' to resource group 'Popular'
07:24:14: Added resource location '/usr/local/share/OGRE/Media/materials/programs/GLSL' of type 'FileSystem' to resource group 'Popular'
07:24:14: Added resource location '/usr/local/share/OGRE/Media/materials/scripts' of type 'FileSystem' to resource group 'Popular'
07:24:14: Added resource location '/usr/local/share/OGRE/Media/materials/textures' of type 'FileSystem' to resource group 'Popular'
07:24:14: Added resource location '/usr/local/share/OGRE/Media/materials/textures/nvidia' of type 'FileSystem' to resource group 'Popular'
07:24:14: Added resource location '/usr/local/share/OGRE/Media/models' of type 'FileSystem' to resource group 'Popular'
07:24:14: Added resource location '/usr/local/share/OGRE/Media/particle' of type 'FileSystem' to resource group 'Popular'
07:24:14: Added resource location '/usr/local/share/OGRE/Media/DeferredShadingMedia' of type 'FileSystem' to resource group 'Popular'
07:24:14: Added resource location '/usr/local/share/OGRE/Media/PCZAppMedia' of type 'FileSystem' to resource group 'Popular'
07:24:14: Added resource location '/usr/local/share/OGRE/Media/RTShaderLib' of type 'FileSystem' to resource group 'Popular'
07:24:14: Added resource location '/usr/local/share/OGRE/Media/RTShaderLib/materials' of type 'FileSystem' to resource group 'Popular'
07:24:14: Added resource location '/usr/local/share/OGRE/Media/materials/scripts/SSAO' of type 'FileSystem' to resource group 'Popular'
07:24:14: Added resource location '/usr/local/share/OGRE/Media/materials/textures/SSAO' of type 'FileSystem' to resource group 'Popular'
07:24:14: Added resource location '/usr/local/share/OGRE/Media/volumeTerrain' of type 'FileSystem' to resource group 'Popular'
07:24:14: Added resource location '/usr/local/share/OGRE/Media/packs/cubemap.zip' of type 'Zip' to resource group 'Popular'
07:24:14: Added resource location '/usr/local/share/OGRE/Media/packs/cubemapsJS.zip' of type 'Zip' to resource group 'Popular'
07:24:14: Added resource location '/usr/local/share/OGRE/Media/packs/dragon.zip' of type 'Zip' to resource group 'Popular'
07:24:14: Added resource location '/usr/local/share/OGRE/Media/packs/fresneldemo.zip' of type 'Zip' to resource group 'Popular'
07:24:14: Added resource location '/usr/local/share/OGRE/Media/packs/ogretestmap.zip' of type 'Zip' to resource group 'Popular'
07:24:14: Added resource location '/usr/local/share/OGRE/Media/packs/ogredance.zip' of type 'Zip' to resource group 'Popular'
07:24:14: Added resource location '/usr/local/share/OGRE/Media/packs/Sinbad.zip' of type 'Zip' to resource group 'Popular'
07:24:14: Added resource location '/usr/local/share/OGRE/Media/packs/skybox.zip' of type 'Zip' to resource group 'Popular'
07:24:14: Added resource location '/usr/local/share/OGRE/Media/volumeTerrain/volumeTerrainBig.zip' of type 'Zip' to resource group 'Popular'
07:24:14: Creating resource group Tests
07:24:14: Added resource location '/usr/local/include/OGRE/Tests/Media' of type 'FileSystem' to resource group 'Tests'
07:24:16: CPU Identifier & Features
07:24:16: -------------------------
07:24:16:  *   CPU ID: GenuineIntel: Intel(R) Core(TM) i7-3630QM CPU @ 2.40GHz
07:24:16:  *      SSE: yes
07:24:16:  *     SSE2: yes
07:24:16:  *     SSE3: yes
07:24:16:  *      MMX: yes
07:24:16:  *   MMXEXT: yes
07:24:16:  *    3DNOW: no
07:24:16:  * 3DNOWEXT: no
07:24:16:  *     CMOV: yes
07:24:16:  *      TSC: yes
07:24:16:  *      FPU: yes
07:24:16:  *      PRO: yes
07:24:16:  *       HT: no
07:24:16: -------------------------
07:24:16: ******************************
*** Starting GLX Subsystem ***
******************************
07:24:16: Registering ResourceManager for type Texture
07:24:16: GLRenderSystem::_createRenderWindow "TutorialApplication Render Window", 1600x900 fullscreen  miscParams: FSAA=0 displayFrequency=60 Hz gamma=No vsync=No 
07:24:16: GLXWindow::create used FBConfigID = 163
07:24:16: GL_VERSION = 2.1 Mesa 10.5.2
07:24:16: GL_VENDOR = VMware, Inc.
07:24:16: GL_RENDERER = Gallium 0.4 on SVGA3D; build: RELEASE;  
07:24:16: GL_EXTENSIONS = GL_ARB_multisample GL_EXT_abgr GL_EXT_bgra GL_EXT_blend_color GL_EXT_blend_minmax GL_EXT_blend_subtract GL_EXT_copy_texture GL_EXT_polygon_offset GL_EXT_subtexture GL_EXT_texture_object GL_EXT_vertex_array GL_EXT_compiled_vertex_array GL_EXT_texture GL_EXT_texture3D GL_IBM_rasterpos_clip GL_ARB_point_parameters GL_EXT_draw_range_elements GL_EXT_packed_pixels GL_EXT_point_parameters GL_EXT_rescale_normal GL_EXT_separate_specular_color GL_EXT_texture_edge_clamp GL_SGIS_generate_mipmap GL_SGIS_texture_border_clamp GL_SGIS_texture_edge_clamp GL_SGIS_texture_lod GL_ARB_framebuffer_sRGB GL_ARB_multitexture GL_EXT_framebuffer_sRGB GL_IBM_multimode_draw_arrays GL_IBM_texture_mirrored_repeat GL_ARB_texture_cube_map GL_ARB_texture_env_add GL_ARB_transpose_matrix GL_EXT_blend_func_separate GL_EXT_fog_coord GL_EXT_multi_draw_arrays GL_EXT_secondary_color GL_EXT_texture_env_add GL_EXT_texture_filter_anisotropic GL_EXT_texture_lod_bias GL_INGR_blend_func_separate GL_NV_blend_square GL_NV_light_max_exponent GL_NV_texgen_reflection GL_NV_texture_env_combine4 GL_S3_s3tc GL_SUN_multi_draw_arrays GL_ARB_texture_border_clamp GL_ARB_texture_compression GL_EXT_framebuffer_object GL_EXT_texture_compression_s3tc GL_EXT_texture_env_combine GL_EXT_texture_env_dot3 GL_MESA_window_pos GL_NV_packed_depth_stencil GL_NV_texture_rectangle GL_ARB_depth_texture GL_ARB_occlusion_query GL_ARB_shadow GL_ARB_texture_env_combine GL_ARB_texture_env_crossbar GL_ARB_texture_env_dot3 GL_ARB_texture_mirrored_repeat GL_ARB_window_pos GL_EXT_stencil_two_side GL_EXT_texture_cube_map GL_NV_fog_distance GL_APPLE_packed_pixels GL_APPLE_vertex_array_object GL_ARB_draw_buffers GL_ARB_fragment_program GL_ARB_fragment_shader GL_ARB_shader_objects GL_ARB_vertex_program GL_ARB_vertex_shader GL_ATI_draw_buffers GL_ATI_texture_env_combine3 GL_ATI_texture_float GL_EXT_shadow_funcs GL_EXT_stencil_wrap GL_MESA_pack_invert GL_ARB_fragment_program_shadow GL_ARB_half_float_pixel GL_ARB_occlusion_query2 GL_ARB_point_sprite GL_ARB_shading_language_100 GL_ARB_sync GL_ARB_texture_non_power_of_two GL_ARB_vertex_buffer_object GL_ATI_blend_equation_separate GL_EXT_blend_equation_separate GL_OES_read_format GL_ARB_color_buffer_float GL_ARB_pixel_buffer_object GL_ARB_texture_float GL_ARB_texture_rectangle GL_EXT_pixel_buffer_object GL_EXT_texture_compression_dxt1 GL_EXT_texture_rectangle GL_EXT_texture_sRGB GL_ARB_framebuffer_object GL_EXT_framebuffer_blit GL_EXT_packed_depth_stencil GL_ARB_vertex_array_object GL_ATI_separate_stencil GL_EXT_gpu_program_parameters GL_EXT_texture_sRGB_decode GL_OES_EGL_image GL_ARB_copy_buffer GL_ARB_half_float_vertex GL_ARB_map_buffer_range GL_ARB_texture_swizzle GL_ARB_vertex_array_bgra GL_EXT_texture_swizzle GL_EXT_vertex_array_bgra GL_ARB_ES2_compatibility GL_ARB_debug_output GL_ARB_draw_elements_base_vertex GL_ARB_explicit_attrib_location GL_ARB_fragment_coord_conventions GL_ARB_provoking_vertex GL_ARB_sampler_objects GL_ARB_shader_texture_lod GL_EXT_provoking_vertex GL_ARB_get_program_binary GL_ARB_robustness GL_ARB_separate_shader_objects GL_ANGLE_texture_compression_dxt3 GL_ANGLE_texture_compression_dxt5 GL_ARB_compressed_texture_pixel_storage GL_ARB_internalformat_query GL_ARB_map_buffer_alignment GL_ARB_texture_storage GL_AMD_shader_trinary_minmax GL_ARB_clear_buffer_object GL_ARB_explicit_uniform_location GL_ARB_invalidate_subdata GL_ARB_vertex_attrib_binding GL_KHR_debug GL_ARB_multi_bind GL_KHR_context_flush_control 
07:24:16: Supported GLX extensions: GLX_ARB_create_context GLX_ARB_create_context_profile GLX_ARB_fbconfig_float GLX_ARB_framebuffer_sRGB GLX_ARB_get_proc_address GLX_ARB_multisample GLX_EXT_import_context GLX_EXT_visual_info GLX_EXT_visual_rating GLX_EXT_framebuffer_sRGB GLX_EXT_create_context_es2_profile GLX_MESA_copy_sub_buffer GLX_MESA_multithread_makecurrent GLX_MESA_query_renderer GLX_MESA_swap_control GLX_OML_swap_method GLX_SGI_make_current_read GLX_SGI_video_sync GLX_SGIS_multisample GLX_SGIX_fbconfig GLX_SGIX_pbuffer GLX_SGIX_visual_select_group GLX_EXT_texture_from_pixmap 
07:24:16: ***************************
07:24:16: *** GL Renderer Started ***
07:24:16: ***************************
07:24:16: Registering ResourceManager for type GpuProgram
07:24:16: GLSL support detected
07:24:16: GL: Using GL_EXT_framebuffer_object for rendering to textures (best)
07:24:16: FBO PF_UNKNOWN depth/stencil support: D0S1 D0S4 D0S8 D0S16 D16S0 D24S0 D32S0 Packed-D24S8 
07:24:16: FBO PF_A4L4 depth/stencil support: D0S0 D0S1 D0S4 D0S8 D0S16 D16S0 D24S0 D32S0 Packed-D24S8 
07:24:16: FBO PF_BYTE_LA depth/stencil support: D0S0 D0S1 D0S4 D0S8 D0S16 D16S0 D24S0 D32S0 Packed-D24S8 
07:24:16: FBO PF_R5G6B5 depth/stencil support: D0S0 D0S1 D0S4 D0S8 D0S16 D16S0 D24S0 D32S0 Packed-D24S8 
07:24:16: FBO PF_B5G6R5 depth/stencil support: D0S0 D0S1 D0S4 D0S8 D0S16 D16S0 D24S0 D32S0 Packed-D24S8 
07:24:16: FBO PF_A4R4G4B4 depth/stencil support: D0S0 D0S1 D0S4 D0S8 D0S16 D16S0 D24S0 D32S0 Packed-D24S8 
07:24:16: FBO PF_A1R5G5B5 depth/stencil support: D0S0 D0S1 D0S4 D0S8 D0S16 D16S0 D24S0 D32S0 Packed-D24S8 
07:24:16: FBO PF_R8G8B8 depth/stencil support: D0S0 D0S1 D0S4 D0S8 D0S16 D16S0 D24S0 D32S0 Packed-D24S8 
07:24:16: FBO PF_B8G8R8 depth/stencil support: D0S0 D0S1 D0S4 D0S8 D0S16 D16S0 D24S0 D32S0 Packed-D24S8 
07:24:16: FBO PF_A8R8G8B8 depth/stencil support: D0S0 D0S1 D0S4 D0S8 D0S16 D16S0 D24S0 D32S0 Packed-D24S8 
07:24:16: FBO PF_B8G8R8A8 depth/stencil support: D0S0 D0S1 D0S4 D0S8 D0S16 D16S0 D24S0 D32S0 Packed-D24S8 
07:24:16: FBO PF_A2R10G10B10 depth/stencil support: D0S0 D0S1 D0S4 D0S8 D0S16 D16S0 D24S0 D32S0 Packed-D24S8 
07:24:16: FBO PF_A2B10G10R10 depth/stencil support: D0S0 D0S1 D0S4 D0S8 D0S16 D16S0 D24S0 D32S0 Packed-D24S8 
07:24:16: FBO PF_FLOAT16_RGB depth/stencil support: D0S0 D0S1 D0S4 D0S8 D0S16 D16S0 D24S0 D32S0 Packed-D24S8 
07:24:16: FBO PF_FLOAT16_RGBA depth/stencil support: D0S0 D0S1 D0S4 D0S8 D0S16 D16S0 D24S0 D32S0 Packed-D24S8 
07:24:16: FBO PF_FLOAT32_RGB depth/stencil support: D0S0 D0S1 D0S4 D0S8 D0S16 D16S0 D24S0 D32S0 Packed-D24S8 
07:24:16: FBO PF_FLOAT32_RGBA depth/stencil support: D0S0 D0S1 D0S4 D0S8 D0S16 D16S0 D24S0 D32S0 Packed-D24S8 
07:24:16: FBO PF_X8R8G8B8 depth/stencil support: D0S0 D0S1 D0S4 D0S8 D0S16 D16S0 D24S0 D32S0 Packed-D24S8 
07:24:16: FBO PF_X8B8G8R8 depth/stencil support: D0S0 D0S1 D0S4 D0S8 D0S16 D16S0 D24S0 D32S0 Packed-D24S8 
07:24:16: FBO PF_SHORT_RGBA depth/stencil support: D0S0 D0S1 D0S4 D0S8 D0S16 D16S0 D24S0 D32S0 Packed-D24S8 
07:24:16: FBO PF_R3G3B2 depth/stencil support: D0S0 D0S1 D0S4 D0S8 D0S16 D16S0 D24S0 D32S0 Packed-D24S8 
07:24:16: FBO PF_FLOAT16_R depth/stencil support: D0S0 D0S1 D0S4 D0S8 D0S16 D16S0 D24S0 D32S0 Packed-D24S8 
07:24:16: FBO PF_FLOAT32_R depth/stencil support: D0S0 D0S1 D0S4 D0S8 D0S16 D16S0 D24S0 D32S0 Packed-D24S8 
07:24:16: FBO PF_SHORT_GR depth/stencil support: D0S0 D0S1 D0S4 D0S8 D0S16 D16S0 D24S0 D32S0 Packed-D24S8 
07:24:16: FBO PF_FLOAT16_GR depth/stencil support: D0S0 D0S1 D0S4 D0S8 D0S16 D16S0 D24S0 D32S0 Packed-D24S8 
07:24:16: FBO PF_FLOAT32_GR depth/stencil support: D0S0 D0S1 D0S4 D0S8 D0S16 D16S0 D24S0 D32S0 Packed-D24S8 
07:24:16: FBO PF_SHORT_RGB depth/stencil support: D0S0 D0S1 D0S4 D0S8 D0S16 D16S0 D24S0 D32S0 Packed-D24S8 
07:24:16: [GL] : Valid FBO targets PF_UNKNOWN PF_A4L4 PF_BYTE_LA PF_R5G6B5 PF_B5G6R5 PF_A4R4G4B4 PF_A1R5G5B5 PF_R8G8B8 PF_B8G8R8 PF_A8R8G8B8 PF_B8G8R8A8 PF_A2R10G10B10 PF_A2B10G10R10 PF_FLOAT16_RGB PF_FLOAT16_RGBA PF_FLOAT32_RGB PF_FLOAT32_RGBA PF_X8R8G8B8 PF_X8B8G8R8 PF_SHORT_RGBA PF_R3G3B2 PF_FLOAT16_R PF_FLOAT32_R PF_SHORT_GR PF_FLOAT16_GR PF_FLOAT32_GR PF_SHORT_RGB 
07:24:16: RenderSystem capabilities
07:24:16: -------------------------
07:24:16: RenderSystem Name: OpenGL Rendering Subsystem
07:24:16: GPU Vendor: unknown
07:24:16: Device Name: Gallium 0.4 on SVGA3D; build: RELEASE;  
07:24:16: Driver Version: 2.1.0.0
07:24:16:  * Fixed function pipeline: yes
07:24:16:  * Hardware generation of mipmaps: yes
07:24:16:  * Texture blending: yes
07:24:16:  * Anisotropic texture filtering: yes
07:24:16:  * Dot product texture operation: yes
07:24:16:  * Cube mapping: yes
07:24:16:  * Hardware stencil buffer: yes
07:24:16:    - Stencil depth: 8
07:24:16:    - Two sided stencil support: yes
07:24:16:    - Wrap stencil values: yes
07:24:16:  * Hardware vertex / index buffers: yes
07:24:16:  * 32-bit index buffers: yes
07:24:16:  * Vertex programs: yes
07:24:16:  * Number of floating-point constants for vertex programs: 256
07:24:16:  * Number of integer constants for vertex programs: 0
07:24:16:  * Number of boolean constants for vertex programs: 0
07:24:16:  * Fragment programs: yes
07:24:16:  * Number of floating-point constants for fragment programs: 224
07:24:16:  * Number of integer constants for fragment programs: 0
07:24:16:  * Number of boolean constants for fragment programs: 0
07:24:16:  * Geometry programs: no
07:24:16:  * Number of floating-point constants for geometry programs: 0
07:24:16:  * Number of integer constants for geometry programs: 0
07:24:16:  * Number of boolean constants for geometry programs: 0
07:24:16:  * Tessellation Hull programs: no
07:24:16:  * Number of floating-point constants for tessellation hull programs: 0
07:24:16:  * Number of integer constants for tessellation hull programs: 0
07:24:16:  * Number of boolean constants for tessellation hull programs: 0
07:24:16:  * Tessellation Domain programs: no
07:24:16:  * Number of floating-point constants for tessellation domain programs: 0
07:24:16:  * Number of integer constants for tessellation domain programs: 0
07:24:16:  * Number of boolean constants for tessellation domain programs: 0
07:24:16:  * Compute programs: no
07:24:16:  * Number of floating-point constants for compute programs: 0
07:24:16:  * Number of integer constants for compute programs: 0
07:24:16:  * Number of boolean constants for compute programs: 0
07:24:16:  * Supported Shader Profiles: arbfp1 arbvp1 glsl glsl100 glsl110 glsl120
07:24:16:  * Texture Compression: yes
07:24:16:    - DXT: yes
07:24:16:    - VTC: no
07:24:16:    - PVRTC: no
07:24:16:    - ATC: no
07:24:16:    - ETC1: no
07:24:16:    - ETC2: no
07:24:16:    - BC4/BC5: no
07:24:16:    - BC6H/BC7: no
07:24:16:  * Scissor Rectangle: yes
07:24:16:  * Hardware Occlusion Query: yes
07:24:16:  * User clip planes: yes
07:24:16:  * VET_UBYTE4 vertex element type: yes
07:24:16:  * Infinite far plane projection: yes
07:24:16:  * Hardware render-to-texture: yes
07:24:16:  * Floating point textures: yes
07:24:16:  * Non-power-of-two textures: yes
07:24:16:  * 1d textures: yes
07:24:16:  * Volume textures: yes
07:24:16:  * Multiple Render Targets: 4
07:24:16:    - With different bit depths: yes
07:24:16:  * Point Sprites: yes
07:24:16:  * Extended point parameters: yes
07:24:16:  * Max Point Size: 1
07:24:16:  * Vertex texture fetch: no
07:24:16:  * Number of world matrices: 0
07:24:16:  * Number of texture units: 16
07:24:16:  * Stencil buffer depth: 8
07:24:16:  * Number of vertex blend matrices: 0
07:24:16:  * Render to Vertex Buffer : no
07:24:16:  * Hardware Atomic Counters: no
07:24:16:  * GL 1.5 without VBO workaround: no
07:24:16:  * Frame Buffer objects: yes
07:24:16:  * Frame Buffer objects (ARB extension): no
07:24:16:  * Frame Buffer objects (ATI extension): no
07:24:16:  * PBuffer support: yes
07:24:16:  * GL 1.5 without HW-occlusion workaround: no
07:24:16:  * Vertex Array Objects: no
07:24:16:  * Separate shader objects: no
07:24:16: DefaultWorkQueue('Root') initialising on thread 7fefc0b34840.
07:24:16: Particle Renderer Type 'billboard' registered
07:24:16: SceneManagerFactory for type 'BspSceneManager' registered.
07:24:16: Registering ResourceManager for type BspLevel
07:24:16: SceneManagerFactory for type 'PCZSceneManager' registered.
07:24:16: MovableObjectFactory for type 'PCZLight' registered.
07:24:16: MovableObjectFactory for type 'Portal' registered.
07:24:16: MovableObjectFactory for type 'AntiPortal' registered.
07:24:16: PCZone Factory Type 'ZoneType_Octree' registered
07:24:16: SceneManagerFactory for type 'OctreeSceneManager' registered.
07:24:16: OverlayElementFactory for type Panel registered.
07:24:16: OverlayElementFactory for type BorderPanel registered.
07:24:16: OverlayElementFactory for type TextArea registered.
07:24:16: Registering ResourceManager for type Font
07:24:16: Parsing scripts for resource group Autodetect
07:24:16: Finished parsing scripts for resource group Autodetect
07:24:16: Creating resources for group Autodetect
07:24:16: All done
07:24:16: Parsing scripts for resource group Essential
07:24:16: Parsing script SdkTrays.material
07:24:16: Parsing script OgreProfiler.material
07:24:16: Parsing script SdkTrays.fontdef
07:24:16: Parsing script SdkTrays.overlay
07:24:16: DefaultWorkQueue('Root')::WorkerFunc - thread 7fefb1c62700 starting.
07:24:16: Texture: sdk_cursor.png: Loading 1 faces(PF_A8R8G8B8,32x32x1) with 5 hardware generated mipmaps from Image. Internal format is PF_A8R8G8B8,32x32x1.
07:24:16: Texture: sdk_tray.png: Loading 1 faces(PF_A8R8G8B8,64x64x1) with 5 hardware generated mipmaps from Image. Internal format is PF_A8R8G8B8,64x64x1.
07:24:16: Texture: sdk_button_up.png: Loading 1 faces(PF_A8R8G8B8,128x32x1) with 5 hardware generated mipmaps from Image. Internal format is PF_A8R8G8B8,128x32x1.
07:24:16: Texture: sdk_text_box.png: Loading 1 faces(PF_A8R8G8B8,32x32x1) with 5 hardware generated mipmaps from Image. Internal format is PF_A8R8G8B8,32x32x1.
07:24:16: Texture: sdk_mini_tray.png: Loading 1 faces(PF_A8R8G8B8,32x32x1) with 5 hardware generated mipmaps from Image. Internal format is PF_A8R8G8B8,32x32x1.
07:24:16: Texture: sdk_track.png: Loading 1 faces(PF_A8R8G8B8,16x32x1) with 5 hardware generated mipmaps from Image. Internal format is PF_A8R8G8B8,16x32x1.
07:24:16: Texture: sdk_handle.png: Loading 1 faces(PF_A8R8G8B8,16x16x1) with 4 hardware generated mipmaps from Image. Internal format is PF_A8R8G8B8,16x16x1.
07:24:16: Texture: sdk_mini_text_box.png: Loading 1 faces(PF_A8R8G8B8,32x32x1) with 5 hardware generated mipmaps from Image. Internal format is PF_A8R8G8B8,32x32x1.
07:24:16: Texture: sdk_label.png: Loading 1 faces(PF_A8R8G8B8,32x32x1) with 5 hardware generated mipmaps from Image. Internal format is PF_A8R8G8B8,32x32x1.
07:24:16: Texture: sdk_separator.png: Loading 1 faces(PF_A8R8G8B8,64x16x1) with 5 hardware generated mipmaps from Image. Internal format is PF_A8R8G8B8,64x16x1.
07:24:16: Texture: sdk_logo.png: Loading 1 faces(PF_A8R8G8B8,128x64x1) with 5 hardware generated mipmaps from Image. Internal format is PF_A8R8G8B8,128x64x1.
07:24:16: Texture: sdk_shade.png: Loading 1 faces(PF_A8R8G8B8,64x48x1) with 5 hardware generated mipmaps from Image. Internal format is PF_A8R8G8B8,64x48x1.
07:24:16: Texture: sdk_frame.png: Loading 1 faces(PF_A8R8G8B8,32x32x1) with 5 hardware generated mipmaps from Image. Internal format is PF_A8R8G8B8,32x32x1.
07:24:16: Texture: sdk_mini_text_box_over.png: Loading 1 faces(PF_A8R8G8B8,32x32x1) with 5 hardware generated mipmaps from Image. Internal format is PF_A8R8G8B8,32x32x1.
07:24:16: Texture: sdk_pulse.png: Loading 1 faces(PF_R8G8B8,8x1x1) with 3 hardware generated mipmaps from Image. Internal format is PF_X8R8G8B8,8x1x1.
07:24:16: Finished parsing scripts for resource group Essential
07:24:16: Creating resources for group Essential
07:24:16: All done
07:24:16: Parsing scripts for resource group General
07:24:16: Finished parsing scripts for resource group General
07:24:16: Creating resources for group General
07:24:16: All done
07:24:16: Parsing scripts for resource group Internal
07:24:16: Finished parsing scripts for resource group Internal
07:24:16: Creating resources for group Internal
07:24:16: All done
07:24:16: Parsing scripts for resource group Popular
07:24:16: Parsing script Instancing.program
07:24:16: Parsing script DualQuaternion.program
07:24:16: Parsing script StdQuad_vp.program
07:24:16: Parsing script Examples.program
07:24:16: Parsing script deferred_post.program
07:24:16: Parsing script ShadowCaster.program
07:24:16: Parsing script GBuffer.program
07:24:16: Parsing script triplanarReference.program
07:24:16: Parsing script shadows.material
07:24:16: Parsing script BlackAndWhite.material
07:24:16: Parsing script DualQuaternion.material
07:24:16: Parsing script VTFInstancing.material
07:24:16: Parsing script OffsetMapping.material
07:24:16: Compiler error: object unsupported by render system in OffsetMapping.material(35): , Shader name: Examples/OffsetMappingPS/Asm
07:24:16: Parsing script RZR-002.material
07:24:16: Parsing script Examples-Water.material
07:24:16: Parsing script OldTV.material
07:24:16: Parsing script Examples-DynTex.material
07:24:16: Parsing script ShaderInstancing.material
07:24:16: Parsing script AdaptivePNTrianglesTessellation.material
07:24:16: Parsing script pssm.material
07:24:16: Parsing script smoke.material
07:24:16: Parsing script hdr.material
07:24:16: Parsing script CompositorDemo.material
07:24:16: Parsing script Bloom.material
07:24:16: Parsing script Posterize.material
07:24:16: Parsing script ShaderSystem.material
07:24:16: Parsing script MotionBlur.material
07:24:16: Parsing script Swizzle.material
07:24:16: Parsing script sibenik.material
07:24:16: Parsing script FluidSim.material
07:24:16: Parsing script HeatVision.material
07:24:16: Parsing script Penguin.material
07:24:16: Parsing script DOF.material
07:24:16: Parsing script Ocean.material
07:24:16: Parsing script Examples.material
07:24:16: Parsing script RadialBlur.material
07:24:16: Parsing script IsoSurf.material
07:24:16: Parsing script RasterizationOrder.material
07:24:16: Parsing script Ogre.material
07:24:16: Parsing script Dither.material
07:24:16: Parsing script Hurt.material
07:24:16: Parsing script MRTtest.material
07:24:16: Parsing script Examples-Advanced.material
07:24:16: Compiler error: object unsupported by render system in Examples-Advanced.material(945): , Shader name: Examples/TextureArrayPSasm
07:24:16: Parsing script Hair.material
07:24:16: Parsing script InstancingMisc.material
07:24:16: Parsing script Tessellation.material
07:24:16: Parsing script SharpenEdges.material
07:24:16: Parsing script Embossed.material
07:24:16: Parsing script DepthShadowmap.material
07:24:16: Parsing script TerrainTessellation.material
07:24:16: Compiler error: unknown error in TerrainTessellation.material(123): token class, tesselation_hull_program, unrecognized.
07:24:16: Compiler error: unknown error in TerrainTessellation.material(140): token class, tesselation_domain_program, unrecognized.
07:24:16: Compiler error: unknown error in TerrainTessellation.material(177): token class, tesselation_hull_program_ref, unrecognized.
07:24:16: Compiler error: unknown error in TerrainTessellation.material(182): token class, tesselation_domain_program_ref, unrecognized.
07:24:16: Compiler error: unknown error in TerrainTessellation.material(177): token "tesselation_hull_program_ref" is not recognized
07:24:16: Compiler error: unknown error in TerrainTessellation.material(182): token "tesselation_domain_program_ref" is not recognized
07:24:16: Parsing script ASCII.material
07:24:16: Parsing script AtomicCounters.material
07:24:16: Parsing script HWInstancing.material
07:24:16: Parsing script HW_VTFInstancing.material
07:24:16: Parsing script Invert.material
07:24:16: Parsing script instancing.material
07:24:16: Parsing script facial.material
07:24:16: Parsing script Compute.material
07:24:16: Parsing script OldMovie.material
07:24:16: Parsing script Tiling.material
07:24:16: Parsing script Halftone.material
07:24:16: Parsing script HW_VTF_LUTInstancing.material
07:24:16: Parsing script Laplace.material
07:24:16: Parsing script Island.material
07:24:16: Compiler error: unknown error in Island.material(199): token class, tesselation_hull_program, unrecognized.
07:24:16: Compiler error: unknown error in Island.material(215): token class, tesselation_domain_program, unrecognized.
07:24:16: Compiler error: unknown error in Island.material(271): token class, tesselation_hull_program_ref, unrecognized.
07:24:16: Compiler error: unknown error in Island.material(275): token class, tesselation_domain_program_ref, unrecognized.
07:24:16: Compiler error: unknown error in Island.material(295): token class, tesselation_hull_program_ref, unrecognized.
07:24:16: Compiler error: unknown error in Island.material(299): token class, tesselation_domain_program_ref, unrecognized.
07:24:16: Compiler error: unknown error in Island.material(315): token class, tesselation_domain_program, unrecognized.
07:24:16: Compiler error: unknown error in Island.material(364): token class, tesselation_hull_program_ref, unrecognized.
07:24:16: Compiler error: unknown error in Island.material(368): token class, tesselation_domain_program_ref, unrecognized.
07:24:16: Parsing script Bloom2.material
07:24:16: Parsing script NightVision.material
07:24:16: Parsing script VarianceShadowmap.material
07:24:16: Parsing script Glass.material
07:24:16: Parsing script ParticleGS.material
07:24:16: Parsing script deferred_post.material
07:24:16: Parsing script deferred_post_minilight.material
07:24:16: Parsing script ShadowCaster.material
07:24:16: Parsing script deferreddemo.material
07:24:16: Parsing script ssao.material
07:24:16: Parsing script ROOM.material
07:24:16: Parsing script DualQuaternionSkinning_Shadow.material
07:24:16: OGRE EXCEPTION(6:FileNotFoundException): Cannot locate resource DualQuaternionSkinning_ShadowOneWeight.glsl in resource group Popular or any other group. in ResourceGroupManager::openResource at /home/erin/Downloads/sinbad-ogre-0d580c7216ab/OgreMain/src/OgreResourceGroupManager.cpp (line 757)
07:24:16: High-level program Ogre/RTShader/shadow_caster_dq_skinning_1weight_vs_glsl encountered an error during loading and is thus not supported.
OGRE EXCEPTION(6:FileNotFoundException): Cannot locate resource DualQuaternionSkinning_ShadowOneWeight.glsl in resource group Popular or any other group. in ResourceGroupManager::openResource at /home/erin/Downloads/sinbad-ogre-0d580c7216ab/OgreMain/src/OgreResourceGroupManager.cpp (line 757)
07:24:16: OGRE EXCEPTION(2:InvalidParametersException): Named constants have not been initialised, perhaps a compile error. in GpuProgramParameters::_findNamedConstantDefinition at /home/erin/Downloads/sinbad-ogre-0d580c7216ab/OgreMain/src/OgreGpuProgramParams.cpp (line 2196)
07:24:16: Compiler error: invalid parameters in DualQuaternionSkinning_Shadow.material(92): setting of constant failed
07:24:16: OGRE EXCEPTION(2:InvalidParametersException): Named constants have not been initialised, perhaps a compile error. in GpuProgramParameters::_findNamedConstantDefinition at /home/erin/Downloads/sinbad-ogre-0d580c7216ab/OgreMain/src/OgreGpuProgramParams.cpp (line 2196)
07:24:16: Compiler error: invalid parameters in DualQuaternionSkinning_Shadow.material(93): setting of constant failed
07:24:16: OGRE EXCEPTION(2:InvalidParametersException): Named constants have not been initialised, perhaps a compile error. in GpuProgramParameters::_findNamedConstantDefinition at /home/erin/Downloads/sinbad-ogre-0d580c7216ab/OgreMain/src/OgreGpuProgramParams.cpp (line 2196)
07:24:16: Compiler error: invalid parameters in DualQuaternionSkinning_Shadow.material(94): setting of constant failed
07:24:16: OGRE EXCEPTION(6:FileNotFoundException): Cannot locate resource DualQuaternionSkinning_ShadowTwoWeights.glsl in resource group Popular or any other group. in ResourceGroupManager::openResource at /home/erin/Downloads/sinbad-ogre-0d580c7216ab/OgreMain/src/OgreResourceGroupManager.cpp (line 757)
07:24:16: High-level program Ogre/RTShader/shadow_caster_dq_skinning_2weight_vs_glsl encountered an error during loading and is thus not supported.
OGRE EXCEPTION(6:FileNotFoundException): Cannot locate resource DualQuaternionSkinning_ShadowTwoWeights.glsl in resource group Popular or any other group. in ResourceGroupManager::openResource at /home/erin/Downloads/sinbad-ogre-0d580c7216ab/OgreMain/src/OgreResourceGroupManager.cpp (line 757)
07:24:16: OGRE EXCEPTION(2:InvalidParametersException): Named constants have not been initialised, perhaps a compile error. in GpuProgramParameters::_findNamedConstantDefinition at /home/erin/Downloads/sinbad-ogre-0d580c7216ab/OgreMain/src/OgreGpuProgramParams.cpp (line 2196)
07:24:16: Compiler error: invalid parameters in DualQuaternionSkinning_Shadow.material(106): setting of constant failed
07:24:16: OGRE EXCEPTION(2:InvalidParametersException): Named constants have not been initialised, perhaps a compile error. in GpuProgramParameters::_findNamedConstantDefinition at /home/erin/Downloads/sinbad-ogre-0d580c7216ab/OgreMain/src/OgreGpuProgramParams.cpp (line 2196)
07:24:16: Compiler error: invalid parameters in DualQuaternionSkinning_Shadow.material(107): setting of constant failed
07:24:16: OGRE EXCEPTION(2:InvalidParametersException): Named constants have not been initialised, perhaps a compile error. in GpuProgramParameters::_findNamedConstantDefinition at /home/erin/Downloads/sinbad-ogre-0d580c7216ab/OgreMain/src/OgreGpuProgramParams.cpp (line 2196)
07:24:16: Compiler error: invalid parameters in DualQuaternionSkinning_Shadow.material(108): setting of constant failed
07:24:16: OGRE EXCEPTION(6:FileNotFoundException): Cannot locate resource DualQuaternionSkinning_ShadowThreeWeights.glsl in resource group Popular or any other group. in ResourceGroupManager::openResource at /home/erin/Downloads/sinbad-ogre-0d580c7216ab/OgreMain/src/OgreResourceGroupManager.cpp (line 757)
07:24:16: High-level program Ogre/RTShader/shadow_caster_dq_skinning_3weight_vs_glsl encountered an error during loading and is thus not supported.
OGRE EXCEPTION(6:FileNotFoundException): Cannot locate resource DualQuaternionSkinning_ShadowThreeWeights.glsl in resource group Popular or any other group. in ResourceGroupManager::openResource at /home/erin/Downloads/sinbad-ogre-0d580c7216ab/OgreMain/src/OgreResourceGroupManager.cpp (line 757)
07:24:16: OGRE EXCEPTION(2:InvalidParametersException): Named constants have not been initialised, perhaps a compile error. in GpuProgramParameters::_findNamedConstantDefinition at /home/erin/Downloads/sinbad-ogre-0d580c7216ab/OgreMain/src/OgreGpuProgramParams.cpp (line 2196)
07:24:16: Compiler error: invalid parameters in DualQuaternionSkinning_Shadow.material(120): setting of constant failed
07:24:16: OGRE EXCEPTION(2:InvalidParametersException): Named constants have not been initialised, perhaps a compile error. in GpuProgramParameters::_findNamedConstantDefinition at /home/erin/Downloads/sinbad-ogre-0d580c7216ab/OgreMain/src/OgreGpuProgramParams.cpp (line 2196)
07:24:16: Compiler error: invalid parameters in DualQuaternionSkinning_Shadow.material(121): setting of constant failed
07:24:16: OGRE EXCEPTION(2:InvalidParametersException): Named constants have not been initialised, perhaps a compile error. in GpuProgramParameters::_findNamedConstantDefinition at /home/erin/Downloads/sinbad-ogre-0d580c7216ab/OgreMain/src/OgreGpuProgramParams.cpp (line 2196)
07:24:16: Compiler error: invalid parameters in DualQuaternionSkinning_Shadow.material(122): setting of constant failed
07:24:16: OGRE EXCEPTION(6:FileNotFoundException): Cannot locate resource DualQuaternionSkinning_ShadowFourWeights.glsl in resource group Popular or any other group. in ResourceGroupManager::openResource at /home/erin/Downloads/sinbad-ogre-0d580c7216ab/OgreMain/src/OgreResourceGroupManager.cpp (line 757)
07:24:16: High-level program Ogre/RTShader/shadow_caster_dq_skinning_4weight_vs_glsl encountered an error during loading and is thus not supported.
OGRE EXCEPTION(6:FileNotFoundException): Cannot locate resource DualQuaternionSkinning_ShadowFourWeights.glsl in resource group Popular or any other group. in ResourceGroupManager::openResource at /home/erin/Downloads/sinbad-ogre-0d580c7216ab/OgreMain/src/OgreResourceGroupManager.cpp (line 757)
07:24:16: OGRE EXCEPTION(2:InvalidParametersException): Named constants have not been initialised, perhaps a compile error. in GpuProgramParameters::_findNamedConstantDefinition at /home/erin/Downloads/sinbad-ogre-0d580c7216ab/OgreMain/src/OgreGpuProgramParams.cpp (line 2196)
07:24:16: Compiler error: invalid parameters in DualQuaternionSkinning_Shadow.material(134): setting of constant failed
07:24:16: OGRE EXCEPTION(2:InvalidParametersException): Named constants have not been initialised, perhaps a compile error. in GpuProgramParameters::_findNamedConstantDefinition at /home/erin/Downloads/sinbad-ogre-0d580c7216ab/OgreMain/src/OgreGpuProgramParams.cpp (line 2196)
07:24:16: Compiler error: invalid parameters in DualQuaternionSkinning_Shadow.material(135): setting of constant failed
07:24:16: OGRE EXCEPTION(2:InvalidParametersException): Named constants have not been initialised, perhaps a compile error. in GpuProgramParameters::_findNamedConstantDefinition at /home/erin/Downloads/sinbad-ogre-0d580c7216ab/OgreMain/src/OgreGpuProgramParams.cpp (line 2196)
07:24:16: Compiler error: invalid parameters in DualQuaternionSkinning_Shadow.material(136): setting of constant failed
07:24:16: OGRE EXCEPTION(6:FileNotFoundException): Cannot locate resource DualQuaternionSkinning_ShadowCasterTwoPhaseTwoWeights.glsl in resource group Popular or any other group. in ResourceGroupManager::openResource at /home/erin/Downloads/sinbad-ogre-0d580c7216ab/OgreMain/src/OgreResourceGroupManager.cpp (line 757)
07:24:16: High-level program Ogre/RTShader/shadow_caster_dq_skinning_2weight_twophase_vs_glsl encountered an error during loading and is thus not supported.
OGRE EXCEPTION(6:FileNotFoundException): Cannot locate resource DualQuaternionSkinning_ShadowCasterTwoPhaseTwoWeights.glsl in resource group Popular or any other group. in ResourceGroupManager::openResource at /home/erin/Downloads/sinbad-ogre-0d580c7216ab/OgreMain/src/OgreResourceGroupManager.cpp (line 757)
07:24:16: OGRE EXCEPTION(2:InvalidParametersException): Named constants have not been initialised, perhaps a compile error. in GpuProgramParameters::_findNamedConstantDefinition at /home/erin/Downloads/sinbad-ogre-0d580c7216ab/OgreMain/src/OgreGpuProgramParams.cpp (line 2196)
07:24:16: Compiler error: invalid parameters in DualQuaternionSkinning_Shadow.material(244): setting of constant failed
07:24:16: OGRE EXCEPTION(2:InvalidParametersException): Named constants have not been initialised, perhaps a compile error. in GpuProgramParameters::_findNamedConstantDefinition at /home/erin/Downloads/sinbad-ogre-0d580c7216ab/OgreMain/src/OgreGpuProgramParams.cpp (line 2196)
07:24:16: Compiler error: invalid parameters in DualQuaternionSkinning_Shadow.material(245): setting of constant failed
07:24:16: OGRE EXCEPTION(2:InvalidParametersException): Named constants have not been initialised, perhaps a compile error. in GpuProgramParameters::_findNamedConstantDefinition at /home/erin/Downloads/sinbad-ogre-0d580c7216ab/OgreMain/src/OgreGpuProgramParams.cpp (line 2196)
07:24:16: Compiler error: invalid parameters in DualQuaternionSkinning_Shadow.material(246): setting of constant failed
07:24:16: OGRE EXCEPTION(2:InvalidParametersException): Named constants have not been initialised, perhaps a compile error. in GpuProgramParameters::_findNamedConstantDefinition at /home/erin/Downloads/sinbad-ogre-0d580c7216ab/OgreMain/src/OgreGpuProgramParams.cpp (line 2196)
07:24:16: Compiler error: invalid parameters in DualQuaternionSkinning_Shadow.material(247): setting of constant failed
07:24:16: OGRE EXCEPTION(6:FileNotFoundException): Cannot locate resource DualQuaternionSkinning_ShadowPassThrough_ps.glsl in resource group Popular or any other group. in ResourceGroupManager::openResource at /home/erin/Downloads/sinbad-ogre-0d580c7216ab/OgreMain/src/OgreResourceGroupManager.cpp (line 757)
07:24:16: High-level program Ogre/RTShader/shadow_caster_dq_ps_glsl encountered an error during loading and is thus not supported.
OGRE EXCEPTION(6:FileNotFoundException): Cannot locate resource DualQuaternionSkinning_ShadowPassThrough_ps.glsl in resource group Popular or any other group. in ResourceGroupManager::openResource at /home/erin/Downloads/sinbad-ogre-0d580c7216ab/OgreMain/src/OgreResourceGroupManager.cpp (line 757)
07:24:16: Parsing script RTShaderSystem.material
07:24:16: Compiler error: unknown error in RTShaderSystem.material(23): token "rtshader_system" is not recognized
07:24:16: Compiler error: unknown error in RTShaderSystem.material(52): token "rtshader_system" is not recognized
07:24:16: Compiler error: unknown error in RTShaderSystem.material(81): token "rtshader_system" is not recognized
07:24:16: Compiler error: unknown error in RTShaderSystem.material(110): token "rtshader_system" is not recognized
07:24:16: Compiler error: unknown error in RTShaderSystem.material(146): token "rtshader_system" is not recognized
07:24:16: Compiler error: unknown error in RTShaderSystem.material(81): token "rtshader_system" is not recognized
07:24:16: Compiler error: unknown error in RTShaderSystem.material(162): token "rtshader_system" is not recognized
07:24:16: Compiler error: unknown error in RTShaderSystem.material(81): token "rtshader_system" is not recognized
07:24:16: Compiler error: unknown error in RTShaderSystem.material(110): token "rtshader_system" is not recognized
07:24:16: Compiler error: unknown error in RTShaderSystem.material(211): token "rtshader_system" is not recognized
07:24:16: Parsing script TriplanarTexturing.material
07:24:16: Compiler error: unknown error in TriplanarTexturing.material(9): token "rtshader_system" is not recognized
07:24:16: Parsing script HardwareSkinningShadow.material
07:24:16: OGRE EXCEPTION(6:FileNotFoundException): Cannot locate resource HardwareSkinningShadow_TwoWeights.glsl in resource group Popular or any other group. in ResourceGroupManager::openResource at /home/erin/Downloads/sinbad-ogre-0d580c7216ab/OgreMain/src/OgreResourceGroupManager.cpp (line 757)
07:24:16: High-level program Ogre/RTShader/shadow_caster_skinning_2weight_vs_glsl encountered an error during loading and is thus not supported.
OGRE EXCEPTION(6:FileNotFoundException): Cannot locate resource HardwareSkinningShadow_TwoWeights.glsl in resource group Popular or any other group. in ResourceGroupManager::openResource at /home/erin/Downloads/sinbad-ogre-0d580c7216ab/OgreMain/src/OgreResourceGroupManager.cpp (line 757)
07:24:16: OGRE EXCEPTION(2:InvalidParametersException): Named constants have not been initialised, perhaps a compile error. in GpuProgramParameters::_findNamedConstantDefinition at /home/erin/Downloads/sinbad-ogre-0d580c7216ab/OgreMain/src/OgreGpuProgramParams.cpp (line 2196)
07:24:16: Compiler error: invalid parameters in HardwareSkinningShadow.material(93): setting of constant failed
07:24:16: OGRE EXCEPTION(2:InvalidParametersException): Named constants have not been initialised, perhaps a compile error. in GpuProgramParameters::_findNamedConstantDefinition at /home/erin/Downloads/sinbad-ogre-0d580c7216ab/OgreMain/src/OgreGpuProgramParams.cpp (line 2196)
07:24:16: Compiler error: invalid parameters in HardwareSkinningShadow.material(94): setting of constant failed
07:24:16: OGRE EXCEPTION(2:InvalidParametersException): Named constants have not been initialised, perhaps a compile error. in GpuProgramParameters::_findNamedConstantDefinition at /home/erin/Downloads/sinbad-ogre-0d580c7216ab/OgreMain/src/OgreGpuProgramParams.cpp (line 2196)
07:24:16: Compiler error: invalid parameters in HardwareSkinningShadow.material(95): setting of constant failed
07:24:16: OGRE EXCEPTION(6:FileNotFoundException): Cannot locate resource HardwareSkinningShadow_Fragment.glsl in resource group Popular or any other group. in ResourceGroupManager::openResource at /home/erin/Downloads/sinbad-ogre-0d580c7216ab/OgreMain/src/OgreResourceGroupManager.cpp (line 757)
07:24:16: High-level program Ogre/RTShader/shadow_caster_ps_glsl encountered an error during loading and is thus not supported.
OGRE EXCEPTION(6:FileNotFoundException): Cannot locate resource HardwareSkinningShadow_Fragment.glsl in resource group Popular or any other group. in ResourceGroupManager::openResource at /home/erin/Downloads/sinbad-ogre-0d580c7216ab/OgreMain/src/OgreResourceGroupManager.cpp (line 757)
07:24:16: Parsing script SSAOPost.material
07:24:16: Parsing script Modulate.material
07:24:16: Parsing script CreaseShading.material
07:24:16: Parsing script HemisphereMC.material
07:24:16: Parsing script Volumetric.material
07:24:16: Parsing script GBuffer.material
07:24:16: Parsing script ShowNormals.material
07:24:16: Parsing script ShowDepth.material
07:24:16: Parsing script HorizonBased.material
07:24:16: Parsing script UnsharpMask.material
07:24:16: Parsing script Crytek.material
07:24:16: Parsing script ShowViewPos.material
07:24:16: Parsing script triplanarReference.material
07:24:16: Parsing script RomanBath.material
07:24:16: Parsing script Sinbad.material
07:24:16: Parsing script smoke.particle
07:24:16: Parsing script Examples.particle
07:24:16: Parsing script emitted_emitter.particle
07:24:16: Parsing script Examples-Water.particle
07:24:16: Parsing script Examples.compositor
07:24:16: Parsing script ssao.compositor
07:24:16: Parsing script deferred.compositor
07:24:16: Parsing script SSAO.compositor
07:24:16: Parsing script SSAOPost.compositor
07:24:16: Finished parsing scripts for resource group Popular
07:24:16: Creating resources for group Popular
07:24:16: All done
07:24:16: Parsing scripts for resource group Tests
07:24:16: Finished parsing scripts for resource group Tests
07:24:16: Creating resources for group Tests
07:24:16: All done
07:24:16: Texture: morning_fr.jpg: Loading 1 faces(PF_R8G8B8,512x512x1) with 5 hardware generated mipmaps from Image. Internal format is PF_X8R8G8B8,512x512x1.
07:24:16: Texture: morning_bk.jpg: Loading 1 faces(PF_R8G8B8,512x512x1) with 5 hardware generated mipmaps from Image. Internal format is PF_X8R8G8B8,512x512x1.
07:24:16: Texture: morning_lf.jpg: Loading 1 faces(PF_R8G8B8,512x512x1) with 5 hardware generated mipmaps from Image. Internal format is PF_X8R8G8B8,512x512x1.
07:24:16: Texture: morning_rt.jpg: Loading 1 faces(PF_R8G8B8,512x512x1) with 5 hardware generated mipmaps from Image. Internal format is PF_X8R8G8B8,512x512x1.
07:24:16: Texture: morning_up.jpg: Loading 1 faces(PF_R8G8B8,512x512x1) with 5 hardware generated mipmaps from Image. Internal format is PF_X8R8G8B8,512x512x1.
07:24:16: Texture: morning_dn.jpg: Loading 1 faces(PF_R8G8B8,512x512x1) with 5 hardware generated mipmaps from Image. Internal format is PF_X8R8G8B8,512x512x1.
07:24:16: Texture: BumpyMetal.jpg: Loading 1 faces(PF_R8G8B8,512x512x1) with 5 hardware generated mipmaps from Image. Internal format is PF_X8R8G8B8,512x512x1.
07:24:16: Mesh: Loading sphere.mesh.
07:24:16: WARNING: sphere.mesh is an older format ([MeshSerializer_v1.8]); you should upgrade it as soon as possible using the OgreMeshUpgrade tool.
07:24:16: Texture: RustySteel.jpg: Loading 1 faces(PF_R8G8B8,256x256x1) with 5 hardware generated mipmaps from Image. Internal format is PF_X8R8G8B8,256x256x1.
07:24:16: Texture: spheremap.png: Loading 1 faces(PF_R8G8B8,256x256x1) with 5 hardware generated mipmaps from Image. Internal format is PF_X8R8G8B8,256x256x1.
07:24:16: *** Initializing OIS ***
07:24:16: Texture: spot_shadow_fade.png: Loading 1 faces(PF_R8G8B8,128x128x1) with 5 hardware generated mipmaps from Image. Internal format is PF_X8R8G8B8,128x128x1.
07:24:17: Font SdkTrays/Caption using texture size 512x256
07:24:17: Info: Freetype returned null for character 160 in font SdkTrays/Caption
07:24:17: Texture: SdkTrays/CaptionTexture: Loading 1 faces(PF_BYTE_LA,512x256x1) Internal format is PF_BYTE_LA,512x256x1.
07:24:17: Font SdkTrays/Value using texture size 512x256
07:24:17: Info: Freetype returned null for character 127 in font SdkTrays/Value
07:24:17: Info: Freetype returned null for character 128 in font SdkTrays/Value
07:24:17: Info: Freetype returned null for character 129 in font SdkTrays/Value
07:24:17: Info: Freetype returned null for character 130 in font SdkTrays/Value
07:24:17: Info: Freetype returned null for character 131 in font SdkTrays/Value
07:24:17: Info: Freetype returned null for character 132 in font SdkTrays/Value
07:24:17: Info: Freetype returned null for character 133 in font SdkTrays/Value
07:24:17: Info: Freetype returned null for character 134 in font SdkTrays/Value
07:24:17: Info: Freetype returned null for character 135 in font SdkTrays/Value
07:24:17: Info: Freetype returned null for character 136 in font SdkTrays/Value
07:24:17: Info: Freetype returned null for character 137 in font SdkTrays/Value
07:24:17: Info: Freetype returned null for character 138 in font SdkTrays/Value
07:24:17: Info: Freetype returned null for character 139 in font SdkTrays/Value
07:24:17: Info: Freetype returned null for character 140 in font SdkTrays/Value
07:24:17: Info: Freetype returned null for character 141 in font SdkTrays/Value
07:24:17: Info: Freetype returned null for character 142 in font SdkTrays/Value
07:24:17: Info: Freetype returned null for character 143 in font SdkTrays/Value
07:24:17: Info: Freetype returned null for character 144 in font SdkTrays/Value
07:24:17: Info: Freetype returned null for character 145 in font SdkTrays/Value
07:24:17: Info: Freetype returned null for character 146 in font SdkTrays/Value
07:24:17: Info: Freetype returned null for character 147 in font SdkTrays/Value
07:24:17: Info: Freetype returned null for character 148 in font SdkTrays/Value
07:24:17: Info: Freetype returned null for character 149 in font SdkTrays/Value
07:24:17: Info: Freetype returned null for character 150 in font SdkTrays/Value
07:24:17: Info: Freetype returned null for character 151 in font SdkTrays/Value
07:24:17: Info: Freetype returned null for character 152 in font SdkTrays/Value
07:24:17: Info: Freetype returned null for character 153 in font SdkTrays/Value
07:24:17: Info: Freetype returned null for character 154 in font SdkTrays/Value
07:24:17: Info: Freetype returned null for character 155 in font SdkTrays/Value
07:24:17: Info: Freetype returned null for character 156 in font SdkTrays/Value
07:24:17: Info: Freetype returned null for character 157 in font SdkTrays/Value
07:24:17: Info: Freetype returned null for character 158 in font SdkTrays/Value
07:24:17: Info: Freetype returned null for character 159 in font SdkTrays/Value
07:24:17: Info: Freetype returned null for character 160 in font SdkTrays/Value
07:24:17: Texture: SdkTrays/ValueTexture: Loading 1 faces(PF_BYTE_LA,512x256x1) Internal format is PF_BYTE_LA,512x256x1.
07:24:31: Unregistering ResourceManager for type Font
07:24:31: DefaultWorkQueue('Root') shutting down on thread 7fefc0b34840.
07:24:31: DefaultWorkQueue('Root')::WorkerFunc - thread 7fefb1c62700 stopped.
07:24:31: PCZone Factory Type 'ZoneType_Octree' unregistered
07:24:31: Unregistering ResourceManager for type BspLevel
07:24:31: *-*-* OGRE Shutdown
07:24:31: Unregistering ResourceManager for type Compositor
07:24:31: Unregistering ResourceManager for type Skeleton
07:24:31: Unregistering ResourceManager for type Mesh
07:24:31: Unregistering ResourceManager for type HighLevelGpuProgram
07:24:31: Uninstalling plugin: Octree Scene Manager
07:24:31: Plugin successfully uninstalled
07:24:31: Unloading library /usr/local/lib/OGRE/Plugin_OctreeSceneManager
07:24:31: Uninstalling plugin: Octree Zone Factory
07:24:31: Plugin successfully uninstalled
07:24:31: Unloading library /usr/local/lib/OGRE/Plugin_OctreeZone
07:24:31: Uninstalling plugin: Portal Connected Zone Scene Manager
07:24:31: Plugin successfully uninstalled
07:24:31: Unloading library /usr/local/lib/OGRE/Plugin_PCZSceneManager
07:24:31: Uninstalling plugin: BSP Scene Manager
07:24:31: Plugin successfully uninstalled
07:24:31: Unloading library /usr/local/lib/OGRE/Plugin_BSPSceneManager
07:24:31: Uninstalling plugin: ParticleFX
07:24:31: Plugin successfully uninstalled
07:24:31: Unloading library /usr/local/lib/OGRE/Plugin_ParticleFX
07:24:31: Uninstalling plugin: GL RenderSystem
07:24:31: Unregistering ResourceManager for type GpuProgram
07:24:31: ******************************
*** Stopping GLX Subsystem ***
******************************
07:24:31: Unregistering ResourceManager for type Texture
07:24:31: Plugin successfully uninstalled
07:24:31: Unloading library /usr/local/lib/OGRE/RenderSystem_GL
07:24:31: Unregistering ResourceManager for type Material
